[2023-12-16T13:35:16.893+0000] {taskinstance.py:1159} INFO - Dependencies all met for dep_context=non-requeueable deps ti=<TaskInstance: NYC_Taxi_data_pipeline.extract_data scheduled__2023-12-14T00:00:00+00:00 [queued]>
[2023-12-16T13:35:16.905+0000] {taskinstance.py:1159} INFO - Dependencies all met for dep_context=requeueable deps ti=<TaskInstance: NYC_Taxi_data_pipeline.extract_data scheduled__2023-12-14T00:00:00+00:00 [queued]>
[2023-12-16T13:35:16.906+0000] {taskinstance.py:1361} INFO - Starting attempt 1 of 1
[2023-12-16T13:35:16.928+0000] {taskinstance.py:1382} INFO - Executing <Task(PythonOperator): extract_data> on 2023-12-14 00:00:00+00:00
[2023-12-16T13:35:16.940+0000] {standard_task_runner.py:57} INFO - Started process 264 to run task
[2023-12-16T13:35:16.945+0000] {standard_task_runner.py:84} INFO - Running: ['***', 'tasks', 'run', 'NYC_Taxi_data_pipeline', 'extract_data', 'scheduled__2023-12-14T00:00:00+00:00', '--job-id', '2', '--raw', '--subdir', 'DAGS_FOLDER/taxi_etl.py', '--cfg-path', '/tmp/tmp9ao90axc']
[2023-12-16T13:35:16.948+0000] {standard_task_runner.py:85} INFO - Job 2: Subtask extract_data
[2023-12-16T13:35:17.008+0000] {task_command.py:416} INFO - Running <TaskInstance: NYC_Taxi_data_pipeline.extract_data scheduled__2023-12-14T00:00:00+00:00 [running]> on host 5325b8af6d98
[2023-12-16T13:35:17.090+0000] {taskinstance.py:1662} INFO - Exporting env vars: AIRFLOW_CTX_DAG_OWNER='islam' AIRFLOW_CTX_DAG_ID='NYC_Taxi_data_pipeline' AIRFLOW_CTX_TASK_ID='extract_data' AIRFLOW_CTX_EXECUTION_DATE='2023-12-14T00:00:00+00:00' AIRFLOW_CTX_TRY_NUMBER='1' AIRFLOW_CTX_DAG_RUN_ID='scheduled__2023-12-14T00:00:00+00:00'
[2023-12-16T13:35:17.094+0000] {logging_mixin.py:154} INFO - Cleaned dataset already exists on the file system
[2023-12-16T13:35:17.095+0000] {python.py:194} INFO - Done. Returned value was: None
[2023-12-16T13:35:17.104+0000] {taskinstance.py:1400} INFO - Marking task as SUCCESS. dag_id=NYC_Taxi_data_pipeline, task_id=extract_data, execution_date=20231214T000000, start_date=20231216T133516, end_date=20231216T133517
[2023-12-16T13:35:17.157+0000] {local_task_job_runner.py:228} INFO - Task exited with return code 0
[2023-12-16T13:35:17.189+0000] {taskinstance.py:2778} INFO - 1 downstream tasks scheduled from follow-on schedule check
[2023-12-16T14:22:29.149+0000] {taskinstance.py:1159} INFO - Dependencies all met for dep_context=non-requeueable deps ti=<TaskInstance: NYC_Taxi_data_pipeline.extract_data scheduled__2023-12-14T00:00:00+00:00 [queued]>
[2023-12-16T14:22:29.253+0000] {taskinstance.py:1159} INFO - Dependencies all met for dep_context=requeueable deps ti=<TaskInstance: NYC_Taxi_data_pipeline.extract_data scheduled__2023-12-14T00:00:00+00:00 [queued]>
[2023-12-16T14:22:29.254+0000] {taskinstance.py:1361} INFO - Starting attempt 1 of 1
[2023-12-16T14:22:29.272+0000] {taskinstance.py:1382} INFO - Executing <Task(PythonOperator): extract_data> on 2023-12-14 00:00:00+00:00
[2023-12-16T14:22:29.281+0000] {standard_task_runner.py:57} INFO - Started process 265 to run task
[2023-12-16T14:22:29.293+0000] {standard_task_runner.py:84} INFO - Running: ['***', 'tasks', 'run', 'NYC_Taxi_data_pipeline', 'extract_data', 'scheduled__2023-12-14T00:00:00+00:00', '--job-id', '2', '--raw', '--subdir', 'DAGS_FOLDER/taxi_etl.py', '--cfg-path', '/tmp/tmpdf810jgx']
[2023-12-16T14:22:29.303+0000] {standard_task_runner.py:85} INFO - Job 2: Subtask extract_data
[2023-12-16T14:22:29.420+0000] {task_command.py:416} INFO - Running <TaskInstance: NYC_Taxi_data_pipeline.extract_data scheduled__2023-12-14T00:00:00+00:00 [running]> on host 6abb98cbcbb2
[2023-12-16T14:22:29.514+0000] {taskinstance.py:1662} INFO - Exporting env vars: AIRFLOW_CTX_DAG_OWNER='islam' AIRFLOW_CTX_DAG_ID='NYC_Taxi_data_pipeline' AIRFLOW_CTX_TASK_ID='extract_data' AIRFLOW_CTX_EXECUTION_DATE='2023-12-14T00:00:00+00:00' AIRFLOW_CTX_TRY_NUMBER='1' AIRFLOW_CTX_DAG_RUN_ID='scheduled__2023-12-14T00:00:00+00:00'
[2023-12-16T14:22:29.517+0000] {logging_mixin.py:154} INFO - Cleaned dataset already exists on the file system
[2023-12-16T14:22:29.518+0000] {python.py:194} INFO - Done. Returned value was: None
[2023-12-16T14:22:29.526+0000] {taskinstance.py:1400} INFO - Marking task as SUCCESS. dag_id=NYC_Taxi_data_pipeline, task_id=extract_data, execution_date=20231214T000000, start_date=20231216T142229, end_date=20231216T142229
[2023-12-16T14:22:29.546+0000] {local_task_job_runner.py:228} INFO - Task exited with return code 0
[2023-12-16T14:22:29.578+0000] {taskinstance.py:2778} INFO - 1 downstream tasks scheduled from follow-on schedule check
[2023-12-16T18:10:29.457+0000] {taskinstance.py:1159} INFO - Dependencies all met for dep_context=non-requeueable deps ti=<TaskInstance: NYC_Taxi_data_pipeline.extract_data scheduled__2023-12-14T00:00:00+00:00 [queued]>
[2023-12-16T18:10:29.516+0000] {taskinstance.py:1159} INFO - Dependencies all met for dep_context=requeueable deps ti=<TaskInstance: NYC_Taxi_data_pipeline.extract_data scheduled__2023-12-14T00:00:00+00:00 [queued]>
[2023-12-16T18:10:29.516+0000] {taskinstance.py:1361} INFO - Starting attempt 1 of 1
[2023-12-16T18:10:29.529+0000] {taskinstance.py:1382} INFO - Executing <Task(PythonOperator): extract_data> on 2023-12-14 00:00:00+00:00
[2023-12-16T18:10:29.539+0000] {standard_task_runner.py:57} INFO - Started process 338 to run task
[2023-12-16T18:10:29.541+0000] {standard_task_runner.py:84} INFO - Running: ['***', 'tasks', 'run', 'NYC_Taxi_data_pipeline', 'extract_data', 'scheduled__2023-12-14T00:00:00+00:00', '--job-id', '2', '--raw', '--subdir', 'DAGS_FOLDER/taxi_etl.py', '--cfg-path', '/tmp/tmpxtmn2f5k']
[2023-12-16T18:10:29.545+0000] {standard_task_runner.py:85} INFO - Job 2: Subtask extract_data
[2023-12-16T18:10:29.611+0000] {task_command.py:416} INFO - Running <TaskInstance: NYC_Taxi_data_pipeline.extract_data scheduled__2023-12-14T00:00:00+00:00 [running]> on host 1956fcd736af
[2023-12-16T18:10:29.703+0000] {taskinstance.py:1662} INFO - Exporting env vars: AIRFLOW_CTX_DAG_OWNER='islam' AIRFLOW_CTX_DAG_ID='NYC_Taxi_data_pipeline' AIRFLOW_CTX_TASK_ID='extract_data' AIRFLOW_CTX_EXECUTION_DATE='2023-12-14T00:00:00+00:00' AIRFLOW_CTX_TRY_NUMBER='1' AIRFLOW_CTX_DAG_RUN_ID='scheduled__2023-12-14T00:00:00+00:00'
[2023-12-16T18:10:29.708+0000] {logging_mixin.py:154} INFO - Cleaned dataset already exists on the file system
[2023-12-16T18:10:29.708+0000] {python.py:194} INFO - Done. Returned value was: None
[2023-12-16T18:10:29.716+0000] {taskinstance.py:1400} INFO - Marking task as SUCCESS. dag_id=NYC_Taxi_data_pipeline, task_id=extract_data, execution_date=20231214T000000, start_date=20231216T181029, end_date=20231216T181029
[2023-12-16T18:10:29.756+0000] {local_task_job_runner.py:228} INFO - Task exited with return code 0
[2023-12-16T18:10:29.777+0000] {taskinstance.py:2778} INFO - 1 downstream tasks scheduled from follow-on schedule check
[2023-12-16T18:36:28.577+0000] {taskinstance.py:1159} INFO - Dependencies all met for dep_context=non-requeueable deps ti=<TaskInstance: NYC_Taxi_data_pipeline.extract_data scheduled__2023-12-14T00:00:00+00:00 [queued]>
[2023-12-16T18:36:28.605+0000] {taskinstance.py:1159} INFO - Dependencies all met for dep_context=requeueable deps ti=<TaskInstance: NYC_Taxi_data_pipeline.extract_data scheduled__2023-12-14T00:00:00+00:00 [queued]>
[2023-12-16T18:36:28.606+0000] {taskinstance.py:1361} INFO - Starting attempt 1 of 1
[2023-12-16T18:36:28.624+0000] {taskinstance.py:1382} INFO - Executing <Task(PythonOperator): extract_data> on 2023-12-14 00:00:00+00:00
[2023-12-16T18:36:28.630+0000] {standard_task_runner.py:57} INFO - Started process 272 to run task
[2023-12-16T18:36:28.633+0000] {standard_task_runner.py:84} INFO - Running: ['***', 'tasks', 'run', 'NYC_Taxi_data_pipeline', 'extract_data', 'scheduled__2023-12-14T00:00:00+00:00', '--job-id', '2', '--raw', '--subdir', 'DAGS_FOLDER/taxi_etl.py', '--cfg-path', '/tmp/tmps6hhir9k']
[2023-12-16T18:36:28.639+0000] {standard_task_runner.py:85} INFO - Job 2: Subtask extract_data
[2023-12-16T18:36:28.695+0000] {task_command.py:416} INFO - Running <TaskInstance: NYC_Taxi_data_pipeline.extract_data scheduled__2023-12-14T00:00:00+00:00 [running]> on host 570873a10993
[2023-12-16T18:36:28.785+0000] {taskinstance.py:1662} INFO - Exporting env vars: AIRFLOW_CTX_DAG_OWNER='islam' AIRFLOW_CTX_DAG_ID='NYC_Taxi_data_pipeline' AIRFLOW_CTX_TASK_ID='extract_data' AIRFLOW_CTX_EXECUTION_DATE='2023-12-14T00:00:00+00:00' AIRFLOW_CTX_TRY_NUMBER='1' AIRFLOW_CTX_DAG_RUN_ID='scheduled__2023-12-14T00:00:00+00:00'
[2023-12-16T18:36:28.788+0000] {logging_mixin.py:154} INFO - Cleaned dataset already exists on the file system
[2023-12-16T18:36:28.789+0000] {python.py:194} INFO - Done. Returned value was: None
[2023-12-16T18:36:28.800+0000] {taskinstance.py:1400} INFO - Marking task as SUCCESS. dag_id=NYC_Taxi_data_pipeline, task_id=extract_data, execution_date=20231214T000000, start_date=20231216T183628, end_date=20231216T183628
[2023-12-16T18:36:28.849+0000] {local_task_job_runner.py:228} INFO - Task exited with return code 0
[2023-12-16T18:36:28.874+0000] {taskinstance.py:2778} INFO - 1 downstream tasks scheduled from follow-on schedule check
[2023-12-16T18:42:07.453+0000] {taskinstance.py:1159} INFO - Dependencies all met for dep_context=non-requeueable deps ti=<TaskInstance: NYC_Taxi_data_pipeline.extract_data scheduled__2023-12-14T00:00:00+00:00 [queued]>
[2023-12-16T18:42:07.465+0000] {taskinstance.py:1159} INFO - Dependencies all met for dep_context=requeueable deps ti=<TaskInstance: NYC_Taxi_data_pipeline.extract_data scheduled__2023-12-14T00:00:00+00:00 [queued]>
[2023-12-16T18:42:07.466+0000] {taskinstance.py:1361} INFO - Starting attempt 1 of 1
[2023-12-16T18:42:07.486+0000] {taskinstance.py:1382} INFO - Executing <Task(PythonOperator): extract_data> on 2023-12-14 00:00:00+00:00
[2023-12-16T18:42:07.493+0000] {standard_task_runner.py:57} INFO - Started process 264 to run task
[2023-12-16T18:42:07.496+0000] {standard_task_runner.py:84} INFO - Running: ['***', 'tasks', 'run', 'NYC_Taxi_data_pipeline', 'extract_data', 'scheduled__2023-12-14T00:00:00+00:00', '--job-id', '2', '--raw', '--subdir', 'DAGS_FOLDER/taxi_etl.py', '--cfg-path', '/tmp/tmpz8ekyniv']
[2023-12-16T18:42:07.500+0000] {standard_task_runner.py:85} INFO - Job 2: Subtask extract_data
[2023-12-16T18:42:07.562+0000] {task_command.py:416} INFO - Running <TaskInstance: NYC_Taxi_data_pipeline.extract_data scheduled__2023-12-14T00:00:00+00:00 [running]> on host 40ff33ca59cb
[2023-12-16T18:42:07.657+0000] {taskinstance.py:1662} INFO - Exporting env vars: AIRFLOW_CTX_DAG_OWNER='islam' AIRFLOW_CTX_DAG_ID='NYC_Taxi_data_pipeline' AIRFLOW_CTX_TASK_ID='extract_data' AIRFLOW_CTX_EXECUTION_DATE='2023-12-14T00:00:00+00:00' AIRFLOW_CTX_TRY_NUMBER='1' AIRFLOW_CTX_DAG_RUN_ID='scheduled__2023-12-14T00:00:00+00:00'
[2023-12-16T18:42:07.661+0000] {logging_mixin.py:154} INFO - Cleaned dataset already exists on the file system
[2023-12-16T18:42:07.662+0000] {python.py:194} INFO - Done. Returned value was: None
[2023-12-16T18:42:07.671+0000] {taskinstance.py:1400} INFO - Marking task as SUCCESS. dag_id=NYC_Taxi_data_pipeline, task_id=extract_data, execution_date=20231214T000000, start_date=20231216T184207, end_date=20231216T184207
[2023-12-16T18:42:07.710+0000] {local_task_job_runner.py:228} INFO - Task exited with return code 0
[2023-12-16T18:42:07.737+0000] {taskinstance.py:2778} INFO - 1 downstream tasks scheduled from follow-on schedule check
