[2024-01-22T00:00:00.704+0000] {processor.py:157} INFO - Started process (PID=853) to work on /opt/airflow/dags/taxi_etl.py
[2024-01-22T00:00:00.705+0000] {processor.py:829} INFO - Processing file /opt/airflow/dags/taxi_etl.py for tasks to queue
[2024-01-22T00:00:00.706+0000] {logging_mixin.py:154} INFO - [2024-01-22T00:00:00.706+0000] {dagbag.py:536} INFO - Filling up the DagBag from /opt/airflow/dags/taxi_etl.py
[2024-01-22T00:00:01.827+0000] {processor.py:839} INFO - DAG(s) dict_keys(['NYC_Taxi_data_pipeline']) retrieved from /opt/airflow/dags/taxi_etl.py
[2024-01-22T00:00:01.988+0000] {logging_mixin.py:154} INFO - [2024-01-22T00:00:01.987+0000] {dag.py:2941} INFO - Sync 1 DAGs
[2024-01-22T00:00:02.012+0000] {logging_mixin.py:154} INFO - [2024-01-22T00:00:02.012+0000] {dag.py:3722} INFO - Setting next_dagrun for NYC_Taxi_data_pipeline to None, run_after=None
[2024-01-22T00:00:02.040+0000] {processor.py:179} INFO - Processing /opt/airflow/dags/taxi_etl.py took 1.339 seconds
[2024-01-22T00:00:32.259+0000] {processor.py:157} INFO - Started process (PID=894) to work on /opt/airflow/dags/taxi_etl.py
[2024-01-22T00:00:32.260+0000] {processor.py:829} INFO - Processing file /opt/airflow/dags/taxi_etl.py for tasks to queue
[2024-01-22T00:00:32.261+0000] {logging_mixin.py:154} INFO - [2024-01-22T00:00:32.261+0000] {dagbag.py:536} INFO - Filling up the DagBag from /opt/airflow/dags/taxi_etl.py
[2024-01-22T00:00:33.301+0000] {processor.py:839} INFO - DAG(s) dict_keys(['NYC_Taxi_data_pipeline']) retrieved from /opt/airflow/dags/taxi_etl.py
[2024-01-22T00:00:33.324+0000] {logging_mixin.py:154} INFO - [2024-01-22T00:00:33.323+0000] {dag.py:2941} INFO - Sync 1 DAGs
[2024-01-22T00:00:33.345+0000] {logging_mixin.py:154} INFO - [2024-01-22T00:00:33.344+0000] {dag.py:3722} INFO - Setting next_dagrun for NYC_Taxi_data_pipeline to None, run_after=None
[2024-01-22T00:00:33.367+0000] {processor.py:179} INFO - Processing /opt/airflow/dags/taxi_etl.py took 1.112 seconds
[2024-01-22T00:01:03.564+0000] {processor.py:157} INFO - Started process (PID=927) to work on /opt/airflow/dags/taxi_etl.py
[2024-01-22T00:01:03.565+0000] {processor.py:829} INFO - Processing file /opt/airflow/dags/taxi_etl.py for tasks to queue
[2024-01-22T00:01:03.566+0000] {logging_mixin.py:154} INFO - [2024-01-22T00:01:03.566+0000] {dagbag.py:536} INFO - Filling up the DagBag from /opt/airflow/dags/taxi_etl.py
[2024-01-22T00:01:04.589+0000] {processor.py:839} INFO - DAG(s) dict_keys(['NYC_Taxi_data_pipeline']) retrieved from /opt/airflow/dags/taxi_etl.py
[2024-01-22T00:01:04.622+0000] {logging_mixin.py:154} INFO - [2024-01-22T00:01:04.621+0000] {dag.py:2941} INFO - Sync 1 DAGs
[2024-01-22T00:01:04.646+0000] {logging_mixin.py:154} INFO - [2024-01-22T00:01:04.646+0000] {dag.py:3722} INFO - Setting next_dagrun for NYC_Taxi_data_pipeline to None, run_after=None
[2024-01-22T00:01:04.667+0000] {processor.py:179} INFO - Processing /opt/airflow/dags/taxi_etl.py took 1.106 seconds
[2024-01-22T00:01:34.754+0000] {processor.py:157} INFO - Started process (PID=968) to work on /opt/airflow/dags/taxi_etl.py
[2024-01-22T00:01:34.755+0000] {processor.py:829} INFO - Processing file /opt/airflow/dags/taxi_etl.py for tasks to queue
[2024-01-22T00:01:34.755+0000] {logging_mixin.py:154} INFO - [2024-01-22T00:01:34.755+0000] {dagbag.py:536} INFO - Filling up the DagBag from /opt/airflow/dags/taxi_etl.py
[2024-01-22T00:01:35.532+0000] {processor.py:839} INFO - DAG(s) dict_keys(['NYC_Taxi_data_pipeline']) retrieved from /opt/airflow/dags/taxi_etl.py
[2024-01-22T00:01:35.550+0000] {logging_mixin.py:154} INFO - [2024-01-22T00:01:35.549+0000] {dag.py:2941} INFO - Sync 1 DAGs
[2024-01-22T00:01:35.567+0000] {logging_mixin.py:154} INFO - [2024-01-22T00:01:35.566+0000] {dag.py:3722} INFO - Setting next_dagrun for NYC_Taxi_data_pipeline to None, run_after=None
[2024-01-22T00:01:35.583+0000] {processor.py:179} INFO - Processing /opt/airflow/dags/taxi_etl.py took 0.832 seconds
[2024-01-22T00:02:05.888+0000] {processor.py:157} INFO - Started process (PID=1009) to work on /opt/airflow/dags/taxi_etl.py
[2024-01-22T00:02:05.889+0000] {processor.py:829} INFO - Processing file /opt/airflow/dags/taxi_etl.py for tasks to queue
[2024-01-22T00:02:05.890+0000] {logging_mixin.py:154} INFO - [2024-01-22T00:02:05.890+0000] {dagbag.py:536} INFO - Filling up the DagBag from /opt/airflow/dags/taxi_etl.py
[2024-01-22T00:02:06.724+0000] {processor.py:839} INFO - DAG(s) dict_keys(['NYC_Taxi_data_pipeline']) retrieved from /opt/airflow/dags/taxi_etl.py
[2024-01-22T00:02:06.742+0000] {logging_mixin.py:154} INFO - [2024-01-22T00:02:06.742+0000] {dag.py:2941} INFO - Sync 1 DAGs
[2024-01-22T00:02:06.760+0000] {logging_mixin.py:154} INFO - [2024-01-22T00:02:06.759+0000] {dag.py:3722} INFO - Setting next_dagrun for NYC_Taxi_data_pipeline to None, run_after=None
[2024-01-22T00:02:06.777+0000] {processor.py:179} INFO - Processing /opt/airflow/dags/taxi_etl.py took 0.892 seconds
[2024-01-22T00:02:37.027+0000] {processor.py:157} INFO - Started process (PID=1042) to work on /opt/airflow/dags/taxi_etl.py
[2024-01-22T00:02:37.028+0000] {processor.py:829} INFO - Processing file /opt/airflow/dags/taxi_etl.py for tasks to queue
[2024-01-22T00:02:37.029+0000] {logging_mixin.py:154} INFO - [2024-01-22T00:02:37.029+0000] {dagbag.py:536} INFO - Filling up the DagBag from /opt/airflow/dags/taxi_etl.py
[2024-01-22T00:02:37.765+0000] {processor.py:839} INFO - DAG(s) dict_keys(['NYC_Taxi_data_pipeline']) retrieved from /opt/airflow/dags/taxi_etl.py
[2024-01-22T00:02:37.783+0000] {logging_mixin.py:154} INFO - [2024-01-22T00:02:37.783+0000] {dag.py:2941} INFO - Sync 1 DAGs
[2024-01-22T00:02:37.799+0000] {logging_mixin.py:154} INFO - [2024-01-22T00:02:37.799+0000] {dag.py:3722} INFO - Setting next_dagrun for NYC_Taxi_data_pipeline to None, run_after=None
[2024-01-22T00:02:37.816+0000] {processor.py:179} INFO - Processing /opt/airflow/dags/taxi_etl.py took 0.792 seconds
[2024-01-22T00:03:08.096+0000] {processor.py:157} INFO - Started process (PID=1083) to work on /opt/airflow/dags/taxi_etl.py
[2024-01-22T00:03:08.097+0000] {processor.py:829} INFO - Processing file /opt/airflow/dags/taxi_etl.py for tasks to queue
[2024-01-22T00:03:08.098+0000] {logging_mixin.py:154} INFO - [2024-01-22T00:03:08.097+0000] {dagbag.py:536} INFO - Filling up the DagBag from /opt/airflow/dags/taxi_etl.py
[2024-01-22T00:03:08.939+0000] {processor.py:839} INFO - DAG(s) dict_keys(['NYC_Taxi_data_pipeline']) retrieved from /opt/airflow/dags/taxi_etl.py
[2024-01-22T00:03:08.958+0000] {logging_mixin.py:154} INFO - [2024-01-22T00:03:08.958+0000] {dag.py:2941} INFO - Sync 1 DAGs
[2024-01-22T00:03:08.974+0000] {logging_mixin.py:154} INFO - [2024-01-22T00:03:08.974+0000] {dag.py:3722} INFO - Setting next_dagrun for NYC_Taxi_data_pipeline to None, run_after=None
[2024-01-22T00:03:08.992+0000] {processor.py:179} INFO - Processing /opt/airflow/dags/taxi_etl.py took 0.899 seconds
[2024-01-22T00:03:39.269+0000] {processor.py:157} INFO - Started process (PID=1116) to work on /opt/airflow/dags/taxi_etl.py
[2024-01-22T00:03:39.270+0000] {processor.py:829} INFO - Processing file /opt/airflow/dags/taxi_etl.py for tasks to queue
[2024-01-22T00:03:39.272+0000] {logging_mixin.py:154} INFO - [2024-01-22T00:03:39.272+0000] {dagbag.py:536} INFO - Filling up the DagBag from /opt/airflow/dags/taxi_etl.py
[2024-01-22T00:03:40.046+0000] {processor.py:839} INFO - DAG(s) dict_keys(['NYC_Taxi_data_pipeline']) retrieved from /opt/airflow/dags/taxi_etl.py
[2024-01-22T00:03:40.065+0000] {logging_mixin.py:154} INFO - [2024-01-22T00:03:40.065+0000] {dag.py:2941} INFO - Sync 1 DAGs
[2024-01-22T00:03:40.086+0000] {logging_mixin.py:154} INFO - [2024-01-22T00:03:40.086+0000] {dag.py:3722} INFO - Setting next_dagrun for NYC_Taxi_data_pipeline to None, run_after=None
[2024-01-22T00:03:40.102+0000] {processor.py:179} INFO - Processing /opt/airflow/dags/taxi_etl.py took 0.837 seconds
